<?xml version="1.0" encoding="UTF-8"?>
<testsuite xmlns:xsi="http://www.w3.org/2001/XMLSchema-instance" xsi:noNamespaceSchemaLocation="https://maven.apache.org/surefire/maven-failsafe-plugin/xsd/failsafe-test-report.xsd" version="3.0.2" name="com.github.ajgonzales.ms_pagamentos.controller.PagamentoControllerIT" time="3.814" tests="10" errors="0" skipped="0" failures="0" flakes="0">
  <properties>
[...]
</properties>
  <testcase name="findPagamentoByIdShouldReturn404WhenIdDoesNotExist" classname="com.github.ajgonzales.ms_pagamentos.controller.PagamentoControllerIT" time="0.324">
    <system-out><![CDATA[11:30:28.124 [main] INFO org.springframework.test.context.support.AnnotationConfigContextLoaderUtils -- Could not detect default configuration classes for test class [com.github.ajgonzales.ms_pagamentos.controller.PagamentoControllerIT]: PagamentoControllerIT does not declare any static, non-private, non-final, nested classes annotated with @Configuration.
11:30:28.210 [main] INFO org.springframework.boot.test.context.SpringBootTestContextBootstrapper -- Found @SpringBootConfiguration com.github.ajgonzales.ms_pagamentos.MsPagamentosApplication for test class com.github.ajgonzales.ms_pagamentos.controller.PagamentoControllerIT
11:30:28.319 [main] INFO org.springframework.boot.devtools.restart.RestartApplicationListener -- Restart disabled due to context in which it is running

  .   ____          _            __ _ _
 /\\ / ___'_ __ _ _(_)_ __  __ _ \ \ \ \
( ( )\___ | '_ | '_| | '_ \/ _` | \ \ \ \
 \\/  ___)| |_)| | | | | || (_| |  ) ) ) )
  '  |____| .__|_| |_|_| |_\__, | / / / /
 =========|_|==============|___/=/_/_/_/

 :: Spring Boot ::               (v3.5.13)

2026-05-08T11:30:28.500-03:00  INFO 10500 --- [ms-pagamentos] [           main] c.g.a.m.c.PagamentoControllerIT          : Starting PagamentoControllerIT using Java 17.0.15 with PID 10500 (started by labsfiap in D:\microservices-hub-sipg-26\ms-pagamentos)
2026-05-08T11:30:28.501-03:00  INFO 10500 --- [ms-pagamentos] [           main] c.g.a.m.c.PagamentoControllerIT          : The following 1 profile is active: "test"
2026-05-08T11:30:29.022-03:00  INFO 10500 --- [ms-pagamentos] [           main] .s.d.r.c.RepositoryConfigurationDelegate : Bootstrapping Spring Data JPA repositories in DEFAULT mode.
2026-05-08T11:30:29.063-03:00  INFO 10500 --- [ms-pagamentos] [           main] .s.d.r.c.RepositoryConfigurationDelegate : Finished Spring Data repository scanning in 30 ms. Found 1 JPA repository interface.
2026-05-08T11:30:29.408-03:00  INFO 10500 --- [ms-pagamentos] [           main] o.hibernate.jpa.internal.util.LogHelper  : HHH000204: Processing PersistenceUnitInfo [name: default]
2026-05-08T11:30:29.443-03:00  INFO 10500 --- [ms-pagamentos] [           main] org.hibernate.Version                    : HHH000412: Hibernate ORM core version 6.6.45.Final
2026-05-08T11:30:29.461-03:00  INFO 10500 --- [ms-pagamentos] [           main] o.h.c.internal.RegionFactoryInitiator    : HHH000026: Second-level cache disabled
2026-05-08T11:30:29.729-03:00  INFO 10500 --- [ms-pagamentos] [           main] o.s.o.j.p.SpringPersistenceUnitInfo      : No LoadTimeWeaver setup: ignoring JPA class transformer
2026-05-08T11:30:29.746-03:00  INFO 10500 --- [ms-pagamentos] [           main] com.zaxxer.hikari.HikariDataSource       : HikariPool-1 - Starting...
2026-05-08T11:30:29.821-03:00  INFO 10500 --- [ms-pagamentos] [           main] com.zaxxer.hikari.pool.HikariPool        : HikariPool-1 - Added connection conn0: url=jdbc:h2:mem:testdb user=SA
2026-05-08T11:30:29.823-03:00  INFO 10500 --- [ms-pagamentos] [           main] com.zaxxer.hikari.HikariDataSource       : HikariPool-1 - Start completed.
2026-05-08T11:30:29.834-03:00  WARN 10500 --- [ms-pagamentos] [           main] org.hibernate.orm.deprecation            : HHH90000025: H2Dialect does not need to be specified explicitly using 'hibernate.dialect' (remove the property setting and it will be selected by default)
2026-05-08T11:30:29.845-03:00  INFO 10500 --- [ms-pagamentos] [           main] org.hibernate.orm.connections.pooling    : HHH10001005: Database info:
	Database JDBC URL [Connecting through datasource 'HikariDataSource (HikariPool-1)']
	Database driver: undefined/unknown
	Database version: 2.3.232
	Autocommit mode: undefined/unknown
	Isolation level: undefined/unknown
	Minimum pool size: undefined/unknown
	Maximum pool size: undefined/unknown
2026-05-08T11:30:30.224-03:00  INFO 10500 --- [ms-pagamentos] [           main] o.h.e.t.j.p.i.JtaPlatformInitiator       : HHH000489: No JTA platform available (set 'hibernate.transaction.jta.platform' to enable JTA platform integration)
Hibernate: 
    drop table if exists tb_pagamento cascade 
Hibernate: 
    create table tb_pagamento (
        codigo_seguranca varchar(3) not null,
        valor numeric(38,2) not null,
        validade varchar(5) not null,
        id bigint generated by default as identity,
        pedido_id bigint not null,
        numero_cartao varchar(16) not null,
        nome varchar(255) not null,
        status enum ('APROVADO','CANCELADO','CRIADO'),
        primary key (id)
    )
Hibernate: INSERT INTO tb_pagamento(valor, nome, numero_cartao, validade, codigo_seguranca, status, pedido_id) VALUES(790.0, 'Jon Snow', '6894563214569874', '12/30', '589', 'CRIADO', 1)
Hibernate: INSERT INTO tb_pagamento(valor, nome, numero_cartao, validade, codigo_seguranca, status, pedido_id) VALUES(3599.0, 'Ayra Stark', '2456365478963214', '01/28', '389', 'CRIADO', 2)
2026-05-08T11:30:30.242-03:00  INFO 10500 --- [ms-pagamentos] [           main] j.LocalContainerEntityManagerFactoryBean : Initialized JPA EntityManagerFactory for persistence unit 'default'
2026-05-08T11:30:31.041-03:00  INFO 10500 --- [ms-pagamentos] [           main] o.s.b.a.h2.H2ConsoleAutoConfiguration    : H2 console available at '/h2-console'. Database available at 'jdbc:h2:mem:testdb'
2026-05-08T11:30:31.115-03:00  INFO 10500 --- [ms-pagamentos] [           main] o.s.b.t.m.w.SpringBootMockServletContext : Initializing Spring TestDispatcherServlet ''
2026-05-08T11:30:31.115-03:00  INFO 10500 --- [ms-pagamentos] [           main] o.s.t.web.servlet.TestDispatcherServlet  : Initializing Servlet ''
2026-05-08T11:30:31.117-03:00  INFO 10500 --- [ms-pagamentos] [           main] o.s.t.web.servlet.TestDispatcherServlet  : Completed initialization in 1 ms
2026-05-08T11:30:31.154-03:00  INFO 10500 --- [ms-pagamentos] [           main] c.g.a.m.c.PagamentoControllerIT          : Started PagamentoControllerIT in 2.843 seconds (process running for 3.421)
Hibernate: 
    select
        p1_0.id,
        p1_0.codigo_seguranca,
        p1_0.nome,
        p1_0.numero_cartao,
        p1_0.pedido_id,
        p1_0.status,
        p1_0.validade,
        p1_0.valor 
    from
        tb_pagamento p1_0 
    where
        p1_0.id=?

MockHttpServletRequest:
      HTTP Method = GET
      Request URI = /pagamentos/9223372036854775807
       Parameters = {}
          Headers = [Accept:"application/json"]
             Body = null
    Session Attrs = {}

Handler:
             Type = com.github.ajgonzales.ms_pagamentos.controller.PagamentoController
           Method = com.github.ajgonzales.ms_pagamentos.controller.PagamentoController#getOne(Long)

Async:
    Async started = false
     Async result = null

Resolved Exception:
             Type = com.github.ajgonzales.ms_pagamentos.exceptions.ResourceNotFoundException

ModelAndView:
        View name = null
             View = null
            Model = null

FlashMap:
       Attributes = null

MockHttpServletResponse:
           Status = 404
    Error message = null
          Headers = [Content-Type:"application/json"]
     Content type = application/json
             Body = {"timestamp":"2026-05-08T14:30:31.456626300Z","status":404,"error":"Recurso não encontrado. ID: 9223372036854775807","path":"/pagamentos/9223372036854775807"}
    Forwarded URL = null
   Redirected URL = null
          Cookies = []
]]></system-out>
  </testcase>
  <testcase name="deletePagamentoShouldReturn204WhenIdExists" classname="com.github.ajgonzales.ms_pagamentos.controller.PagamentoControllerIT" time="0.189">
    <system-out><![CDATA[Hibernate: 
    select
        count(*) 
    from
        tb_pagamento p1_0 
    where
        p1_0.id=?
Hibernate: 
    select
        p1_0.id,
        p1_0.codigo_seguranca,
        p1_0.nome,
        p1_0.numero_cartao,
        p1_0.pedido_id,
        p1_0.status,
        p1_0.validade,
        p1_0.valor 
    from
        tb_pagamento p1_0 
    where
        p1_0.id=?

MockHttpServletRequest:
      HTTP Method = DELETE
      Request URI = /pagamentos/1
       Parameters = {}
          Headers = []
             Body = null
    Session Attrs = {}

Handler:
             Type = com.github.ajgonzales.ms_pagamentos.controller.PagamentoController
           Method = com.github.ajgonzales.ms_pagamentos.controller.PagamentoController#deletePagamento(Long)

Async:
    Async started = false
     Async result = null

Resolved Exception:
             Type = null

ModelAndView:
        View name = null
             View = null
            Model = null

FlashMap:
       Attributes = null

MockHttpServletResponse:
           Status = 204
    Error message = null
          Headers = []
     Content type = null
             Body = 
    Forwarded URL = null
   Redirected URL = null
          Cookies = []
]]></system-out>
  </testcase>
  <testcase name="createPagamentoShouldReturn422WhenInvalid" classname="com.github.ajgonzales.ms_pagamentos.controller.PagamentoControllerIT" time="0.068">
    <system-out><![CDATA[
MockHttpServletRequest:
      HTTP Method = POST
      Request URI = /pagamentos
       Parameters = {}
          Headers = [Content-Type:"application/json;charset=UTF-8", Accept:"application/json", Content-Length:"141"]
             Body = {"id":null,"valor":0,"nome":null,"numeroCartao":"3654785412365478","validade":"07/05","codigoSeguranca":"354","status":"CRIADO","pedidoId":1}
    Session Attrs = {}

Handler:
             Type = com.github.ajgonzales.ms_pagamentos.controller.PagamentoController
           Method = com.github.ajgonzales.ms_pagamentos.controller.PagamentoController#createPagamento(PagamentoDTO)

Async:
    Async started = false
     Async result = null

Resolved Exception:
             Type = org.springframework.web.bind.MethodArgumentNotValidException

ModelAndView:
        View name = null
             View = null
            Model = null

FlashMap:
       Attributes = null

MockHttpServletResponse:
           Status = 422
    Error message = null
          Headers = [Content-Type:"application/json"]
     Content type = application/json
             Body = {"timestamp":"2026-05-08T14:30:31.730334300Z","status":422,"error":"Dados inválidos","path":"/pagamentos","errors":[{"fieldName":"nome","message":"O campo nome é requerido"},{"fieldName":"valor","message":"O campo valor deve ser um número posito"}]}
    Forwarded URL = null
   Redirected URL = null
          Cookies = []
]]></system-out>
  </testcase>
  <testcase name="createPagamentoShouldReturn201WhenValid" classname="com.github.ajgonzales.ms_pagamentos.controller.PagamentoControllerIT" time="0.028">
    <system-out><![CDATA[Hibernate: 
    insert 
    into
        tb_pagamento
        (codigo_seguranca, nome, numero_cartao, pedido_id, status, validade, valor, id) 
    values
        (?, ?, ?, ?, ?, ?, ?, default)

MockHttpServletRequest:
      HTTP Method = POST
      Request URI = /pagamentos
       Parameters = {}
          Headers = [Content-Type:"application/json;charset=UTF-8", Accept:"application/json", Content-Length:"158"]
             Body = {"id":null,"valor":32.25,"nome":"Briene de Tarth","numeroCartao":"3654785412365478","validade":"07/05","codigoSeguranca":"354","status":"CRIADO","pedidoId":1}
    Session Attrs = {}

Handler:
             Type = com.github.ajgonzales.ms_pagamentos.controller.PagamentoController
           Method = com.github.ajgonzales.ms_pagamentos.controller.PagamentoController#createPagamento(PagamentoDTO)

Async:
    Async started = false
     Async result = null

Resolved Exception:
             Type = null

ModelAndView:
        View name = null
             View = null
            Model = null

FlashMap:
       Attributes = null

MockHttpServletResponse:
           Status = 201
    Error message = null
          Headers = [Location:"http://localhost/pagamentos/3", Content-Type:"application/json"]
     Content type = application/json
             Body = {"id":3,"valor":32.25,"nome":"Briene de Tarth","numeroCartao":"3654785412365478","validade":"07/05","codigoSeguranca":"354","status":"CRIADO","pedidoId":1}
    Forwarded URL = null
   Redirected URL = http://localhost/pagamentos/3
          Cookies = []
]]></system-out>
  </testcase>
  <testcase name="updatePagamentoShouldReturn422WhenInvalid" classname="com.github.ajgonzales.ms_pagamentos.controller.PagamentoControllerIT" time="0.005">
    <system-out><![CDATA[
MockHttpServletRequest:
      HTTP Method = PUT
      Request URI = /pagamentos/1
       Parameters = {}
          Headers = [Content-Type:"application/json;charset=UTF-8", Accept:"application/json", Content-Length:"146"]
             Body = {"id":1,"valor":-32.05,"nome":null,"numeroCartao":"3654785412365478","validade":"07/05","codigoSeguranca":"354","status":"CRIADO","pedidoId":null}
    Session Attrs = {}

Handler:
             Type = com.github.ajgonzales.ms_pagamentos.controller.PagamentoController
           Method = com.github.ajgonzales.ms_pagamentos.controller.PagamentoController#updatePagamento(Long, PagamentoDTO)

Async:
    Async started = false
     Async result = null

Resolved Exception:
             Type = org.springframework.web.bind.MethodArgumentNotValidException

ModelAndView:
        View name = null
             View = null
            Model = null

FlashMap:
       Attributes = null

MockHttpServletResponse:
           Status = 422
    Error message = null
          Headers = [Content-Type:"application/json"]
     Content type = application/json
             Body = {"timestamp":"2026-05-08T14:30:31.784395700Z","status":422,"error":"Dados inválidos","path":"/pagamentos/1","errors":[{"fieldName":"pedidoId","message":"O campo pedido id é obritaório"},{"fieldName":"valor","message":"O campo valor deve ser um número posito"},{"fieldName":"nome","message":"O campo nome é requerido"}]}
    Forwarded URL = null
   Redirected URL = null
          Cookies = []
]]></system-out>
  </testcase>
  <testcase name="updatepagamentoShouldReturn200WhenIdExists" classname="com.github.ajgonzales.ms_pagamentos.controller.PagamentoControllerIT" time="0.017">
    <system-out><![CDATA[Hibernate: 
    select
        p1_0.id,
        p1_0.codigo_seguranca,
        p1_0.nome,
        p1_0.numero_cartao,
        p1_0.pedido_id,
        p1_0.status,
        p1_0.validade,
        p1_0.valor 
    from
        tb_pagamento p1_0 
    where
        p1_0.id=?

MockHttpServletRequest:
      HTTP Method = PUT
      Request URI = /pagamentos/1
       Parameters = {}
          Headers = [Content-Type:"application/json;charset=UTF-8", Accept:"application/json", Content-Length:"155"]
             Body = {"id":1,"valor":32.25,"nome":"Briene de Tarth","numeroCartao":"3654785412365478","validade":"07/05","codigoSeguranca":"354","status":"CRIADO","pedidoId":1}
    Session Attrs = {}

Handler:
             Type = com.github.ajgonzales.ms_pagamentos.controller.PagamentoController
           Method = com.github.ajgonzales.ms_pagamentos.controller.PagamentoController#updatePagamento(Long, PagamentoDTO)

Async:
    Async started = false
     Async result = null

Resolved Exception:
             Type = null

ModelAndView:
        View name = null
             View = null
            Model = null

FlashMap:
       Attributes = null

MockHttpServletResponse:
           Status = 200
    Error message = null
          Headers = [Content-Type:"application/json"]
     Content type = application/json
             Body = {"id":1,"valor":32.25,"nome":"Briene de Tarth","numeroCartao":"3654785412365478","validade":"07/05","codigoSeguranca":"354","status":"CRIADO","pedidoId":1}
    Forwarded URL = null
   Redirected URL = null
          Cookies = []
]]></system-out>
  </testcase>
  <testcase name="findPagamentoByIdShouldReturn200WhenIdExists" classname="com.github.ajgonzales.ms_pagamentos.controller.PagamentoControllerIT" time="0.005">
    <system-out><![CDATA[Hibernate: 
    select
        p1_0.id,
        p1_0.codigo_seguranca,
        p1_0.nome,
        p1_0.numero_cartao,
        p1_0.pedido_id,
        p1_0.status,
        p1_0.validade,
        p1_0.valor 
    from
        tb_pagamento p1_0 
    where
        p1_0.id=?

MockHttpServletRequest:
      HTTP Method = GET
      Request URI = /pagamentos/1
       Parameters = {}
          Headers = [Accept:"application/json"]
             Body = null
    Session Attrs = {}

Handler:
             Type = com.github.ajgonzales.ms_pagamentos.controller.PagamentoController
           Method = com.github.ajgonzales.ms_pagamentos.controller.PagamentoController#getOne(Long)

Async:
    Async started = false
     Async result = null

Resolved Exception:
             Type = null

ModelAndView:
        View name = null
             View = null
            Model = null

FlashMap:
       Attributes = null

MockHttpServletResponse:
           Status = 200
    Error message = null
          Headers = [Content-Type:"application/json"]
     Content type = application/json
             Body = {"id":1,"valor":790.00,"nome":"Jon Snow","numeroCartao":"6894563214569874","validade":"12/30","codigoSeguranca":"589","status":"CRIADO","pedidoId":1}
    Forwarded URL = null
   Redirected URL = null
          Cookies = []
]]></system-out>
  </testcase>
  <testcase name="findAllPagamentosShouldReturn200AndJsonArray" classname="com.github.ajgonzales.ms_pagamentos.controller.PagamentoControllerIT" time="0.018">
    <system-out><![CDATA[Hibernate: 
    select
        p1_0.id,
        p1_0.codigo_seguranca,
        p1_0.nome,
        p1_0.numero_cartao,
        p1_0.pedido_id,
        p1_0.status,
        p1_0.validade,
        p1_0.valor 
    from
        tb_pagamento p1_0

MockHttpServletRequest:
      HTTP Method = GET
      Request URI = /pagamentos
       Parameters = {}
          Headers = [Accept:"application/json"]
             Body = null
    Session Attrs = {}

Handler:
             Type = com.github.ajgonzales.ms_pagamentos.controller.PagamentoController
           Method = com.github.ajgonzales.ms_pagamentos.controller.PagamentoController#getAllPagamentos()

Async:
    Async started = false
     Async result = null

Resolved Exception:
             Type = null

ModelAndView:
        View name = null
             View = null
            Model = null

FlashMap:
       Attributes = null

MockHttpServletResponse:
           Status = 200
    Error message = null
          Headers = [Content-Type:"application/json"]
     Content type = application/json
             Body = [{"id":1,"valor":790.00,"nome":"Jon Snow","numeroCartao":"6894563214569874","validade":"12/30","codigoSeguranca":"589","status":"CRIADO","pedidoId":1},{"id":2,"valor":3599.00,"nome":"Ayra Stark","numeroCartao":"2456365478963214","validade":"01/28","codigoSeguranca":"389","status":"CRIADO","pedidoId":2}]
    Forwarded URL = null
   Redirected URL = null
          Cookies = []
]]></system-out>
  </testcase>
  <testcase name="updatePagamentoShouldChangeValueWhenIdExists" classname="com.github.ajgonzales.ms_pagamentos.controller.PagamentoControllerIT" time="0.006">
    <system-out><![CDATA[Hibernate: 
    select
        p1_0.id,
        p1_0.codigo_seguranca,
        p1_0.nome,
        p1_0.numero_cartao,
        p1_0.pedido_id,
        p1_0.status,
        p1_0.validade,
        p1_0.valor 
    from
        tb_pagamento p1_0 
    where
        p1_0.id=?

MockHttpServletRequest:
      HTTP Method = PUT
      Request URI = /pagamentos/1
       Parameters = {}
          Headers = [Content-Type:"application/json;charset=UTF-8", Accept:"application/json", Content-Length:"155"]
             Body = {"id":1,"valor":850.0,"nome":"Briene de Tarth","numeroCartao":"3654785412365478","validade":"07/05","codigoSeguranca":"354","status":"CRIADO","pedidoId":1}
    Session Attrs = {}

Handler:
             Type = com.github.ajgonzales.ms_pagamentos.controller.PagamentoController
           Method = com.github.ajgonzales.ms_pagamentos.controller.PagamentoController#updatePagamento(Long, PagamentoDTO)

Async:
    Async started = false
     Async result = null

Resolved Exception:
             Type = null

ModelAndView:
        View name = null
             View = null
            Model = null

FlashMap:
       Attributes = null

MockHttpServletResponse:
           Status = 200
    Error message = null
          Headers = [Content-Type:"application/json"]
     Content type = application/json
             Body = {"id":1,"valor":850.0,"nome":"Briene de Tarth","numeroCartao":"3654785412365478","validade":"07/05","codigoSeguranca":"354","status":"CRIADO","pedidoId":1}
    Forwarded URL = null
   Redirected URL = null
          Cookies = []
]]></system-out>
  </testcase>
  <testcase name="deletePagamentoShouldReturn404WhenIdDoesNotExist" classname="com.github.ajgonzales.ms_pagamentos.controller.PagamentoControllerIT" time="0.005">
    <system-out><![CDATA[Hibernate: 
    select
        count(*) 
    from
        tb_pagamento p1_0 
    where
        p1_0.id=?

MockHttpServletRequest:
      HTTP Method = DELETE
      Request URI = /pagamentos/9223372036854775807
       Parameters = {}
          Headers = []
             Body = null
    Session Attrs = {}

Handler:
             Type = com.github.ajgonzales.ms_pagamentos.controller.PagamentoController
           Method = com.github.ajgonzales.ms_pagamentos.controller.PagamentoController#deletePagamento(Long)

Async:
    Async started = false
     Async result = null

Resolved Exception:
             Type = com.github.ajgonzales.ms_pagamentos.exceptions.ResourceNotFoundException

ModelAndView:
        View name = null
             View = null
            Model = null

FlashMap:
       Attributes = null

MockHttpServletResponse:
           Status = 404
    Error message = null
          Headers = [Content-Type:"application/json"]
     Content type = application/json
             Body = {"timestamp":"2026-05-08T14:30:31.838323200Z","status":404,"error":"Recurso não encontrado. ID: 9223372036854775807","path":"/pagamentos/9223372036854775807"}
    Forwarded URL = null
   Redirected URL = null
          Cookies = []
]]></system-out>
  </testcase>
</testsuite>